<?xml version="1.0" encoding="UTF-8"?>
<coverage generated="1757065469753" clover="3.2.0">
  <project timestamp="1757065469753" name="All files">
    <metrics statements="10" coveredstatements="9" conditionals="2" coveredconditionals="2" methods="2" coveredmethods="1" elements="14" coveredelements="12" complexity="0" loc="10" ncloc="10" packages="1" files="1" classes="1"/>
    <file name="app.js" path="/workspaces/Gitaction-nodejs-ecr-ecs/space-shooter-node/app.js">
      <metrics statements="10" coveredstatements="9" conditionals="2" coveredconditionals="2" methods="2" coveredmethods="1"/>
      <line num="1" count="1" type="stmt"/>
      <line num="2" count="1" type="stmt"/>
      <line num="4" count="1" type="stmt"/>
      <line num="7" count="1" type="stmt"/>
      <line num="10" count="1" type="stmt"/>
      <line num="11" count="1" type="stmt"/>
      <line num="14" count="1" type="cond" truecount="2" falsecount="0"/>
      <line num="15" count="1" type="stmt"/>
      <line num="16" count="0" type="stmt"/>
      <line num="19" count="1" type="stmt"/>
    </file>
  </project>
</coverage>
